<?xml version="1.0" encoding="UTF-8"?>
<!-- Generated by org.testng.reporters.JUnitReportReporter -->
<testsuite hostname="INDPRFTCPL1189" failures="0" tests="3" name="tests.RegistrationTest" time="43.311" errors="0" timestamp="2025-10-24T13:55:05 IST" skipped="0">
  <testcase classname="tests.RegistrationTest" name="testValidRegistration" time="18.963"/>
  <testcase classname="tests.RegistrationTest" name="testInvalidRegistration" time="9.664"/>
  <testcase classname="tests.RegistrationTest" name="testInvalidRegistration" time="14.684"/>
</testsuite> <!-- tests.RegistrationTest -->
